
ERROR 2024/11/10 21:33:07 Successfully detected CREATE on test
ERROR 2024/11/10 21:38:13 Successfully detected CREATE on /home/janek/.zsh_history.LOCK
ERROR 2024/11/10 21:38:13 Successfully detected WRITE on /home/janek/.zsh_history
ERROR 2024/11/10 21:38:13 Successfully detected REMOVE on /home/janek/.zsh_history.LOCK
ERROR 2024/11/10 21:38:14 Successfully detected CREATE on /home/janek/.zsh_history.LOCK
ERROR 2024/11/10 21:38:14 Successfully detected WRITE on /home/janek/.zsh_history
ERROR 2024/11/10 21:38:14 Successfully detected REMOVE on /home/janek/.zsh_history.LOCK
ERROR 2024/11/10 21:38:16 Successfully detected CREATE on /home/janek/.zsh_history.LOCK
ERROR 2024/11/10 21:38:16 Successfully detected WRITE on /home/janek/.zsh_history
ERROR 2024/11/10 21:38:16 Successfully detected REMOVE on /home/janek/.zsh_history.LOCK
ERROR 2024/11/10 21:38:26 Successfully detected CREATE on /home/janek/.zsh_history.LOCK
ERROR 2024/11/10 21:38:26 Successfully detected WRITE on /home/janek/.zsh_history
ERROR 2024/11/10 21:38:26 Successfully detected REMOVE on /home/janek/.zsh_history.LOCK
ERROR 2024/11/10 21:38:36 Successfully detected CREATE on /home/janek/.zsh_history.LOCK
ERROR 2024/11/10 21:38:36 Successfully detected WRITE on /home/janek/.zsh_history
ERROR 2024/11/10 21:38:36 Successfully detected REMOVE on /home/janek/.zsh_history.LOCK
ERROR 2024/11/10 21:38:36 Successfully detected CREATE on /home/janek/test.go
ERROR 2024/11/10 21:38:51 Successfully detected CREATE on /home/janek/.zsh_history.LOCK
ERROR 2024/11/10 21:38:51 Successfully detected WRITE on /home/janek/.zsh_history
ERROR 2024/11/10 21:38:51 Successfully detected REMOVE on /home/janek/.zsh_history.LOCK
ERROR 2024/11/10 21:38:51 Successfully detected WRITE on /home/janek/test.go
ERROR 2024/11/10 21:41:39 Successfully detected CREATE on /etc/test/plik_testowy.conf
ERROR 2024/11/10 21:42:07 Successfully detected REMOVE on /etc/test/plik_testowy.conf
ERROR 2024/11/24 23:11:02 Error: no such file or directory in path /etc/test3435. Closing thread.
